The system is: Darwin - 14.3.0 - x86_64
Compiling the C compiler identification source file "CMakeCCompilerId.c" succeeded.
Compiler: /Applications/Xcode.app/Contents/Developer/Toolchains/XcodeDefault.xctoolchain/usr/bin/cc 
Build flags: 
Id flags: 

The output was:
0


Compilation of the C compiler identification source "CMakeCCompilerId.c" produced "a.out"

The C compiler identification is AppleClang, found in "/Volumes/Data/nfs/zfs-student-4/users/2013/mmoumini/lol/lib/SFML/lib/sfml_src/sfml-build/CMakeFiles/3.2.2/CompilerIdC/a.out"

Compiling the CXX compiler identification source file "CMakeCXXCompilerId.cpp" succeeded.
Compiler: /Applications/Xcode.app/Contents/Developer/Toolchains/XcodeDefault.xctoolchain/usr/bin/c++ 
Build flags: 
Id flags: 

The output was:
0


Compilation of the CXX compiler identification source "CMakeCXXCompilerId.cpp" produced "a.out"

The CXX compiler identification is AppleClang, found in "/Volumes/Data/nfs/zfs-student-4/users/2013/mmoumini/lol/lib/SFML/lib/sfml_src/sfml-build/CMakeFiles/3.2.2/CompilerIdCXX/a.out"

Determining if the C compiler works passed with the following output:
Change Dir: /Volumes/Data/nfs/zfs-student-4/users/2013/mmoumini/lol/lib/SFML/lib/sfml_src/sfml-build/CMakeFiles/CMakeTmp

Run Build Command:"/usr/bin/make" "cmTryCompileExec1550619531/fast"
/Applications/Xcode.app/Contents/Developer/usr/bin/make -f CMakeFiles/cmTryCompileExec1550619531.dir/build.make CMakeFiles/cmTryCompileExec1550619531.dir/build
/nfs/zfs-student-4/users/2013/mmoumini/lol/CMake.app/Contents/bin/cmake -E cmake_progress_report /nfs/zfs-student-4/users/2013/mmoumini/lol/lib/SFML/lib/sfml_src/sfml-build/CMakeFiles/CMakeTmp/CMakeFiles 1
Building C object CMakeFiles/cmTryCompileExec1550619531.dir/testCCompiler.c.o
cd /nfs/zfs-student-4/users/2013/mmoumini/lol/lib/SFML/lib/sfml_src/sfml-build/CMakeFiles/CMakeTmp && /Applications/Xcode.app/Contents/Developer/Toolchains/XcodeDefault.xctoolchain/usr/bin/cc    -o CMakeFiles/cmTryCompileExec1550619531.dir/testCCompiler.c.o   -c /nfs/zfs-student-4/users/2013/mmoumini/lol/lib/SFML/lib/sfml_src/sfml-build/CMakeFiles/CMakeTmp/testCCompiler.c
Linking C executable cmTryCompileExec1550619531
cd /nfs/zfs-student-4/users/2013/mmoumini/lol/lib/SFML/lib/sfml_src/sfml-build/CMakeFiles/CMakeTmp && /nfs/zfs-student-4/users/2013/mmoumini/lol/CMake.app/Contents/bin/cmake -E cmake_link_script CMakeFiles/cmTryCompileExec1550619531.dir/link.txt --verbose=1
/Applications/Xcode.app/Contents/Developer/Toolchains/XcodeDefault.xctoolchain/usr/bin/cc    -Wl,-search_paths_first -Wl,-headerpad_max_install_names   CMakeFiles/cmTryCompileExec1550619531.dir/testCCompiler.c.o  -o cmTryCompileExec1550619531  


Detecting C compiler ABI info compiled with the following output:
Change Dir: /Volumes/Data/nfs/zfs-student-4/users/2013/mmoumini/lol/lib/SFML/lib/sfml_src/sfml-build/CMakeFiles/CMakeTmp

Run Build Command:"/usr/bin/make" "cmTryCompileExec175975452/fast"
/Applications/Xcode.app/Contents/Developer/usr/bin/make -f CMakeFiles/cmTryCompileExec175975452.dir/build.make CMakeFiles/cmTryCompileExec175975452.dir/build
/nfs/zfs-student-4/users/2013/mmoumini/lol/CMake.app/Contents/bin/cmake -E cmake_progress_report /nfs/zfs-student-4/users/2013/mmoumini/lol/lib/SFML/lib/sfml_src/sfml-build/CMakeFiles/CMakeTmp/CMakeFiles 1
Building C object CMakeFiles/cmTryCompileExec175975452.dir/CMakeCCompilerABI.c.o
cd /nfs/zfs-student-4/users/2013/mmoumini/lol/lib/SFML/lib/sfml_src/sfml-build/CMakeFiles/CMakeTmp && /Applications/Xcode.app/Contents/Developer/Toolchains/XcodeDefault.xctoolchain/usr/bin/cc    -o CMakeFiles/cmTryCompileExec175975452.dir/CMakeCCompilerABI.c.o   -c /nfs/zfs-student-4/users/2013/mmoumini/lol/CMake.app/Contents/share/cmake-3.2/Modules/CMakeCCompilerABI.c
Linking C executable cmTryCompileExec175975452
cd /nfs/zfs-student-4/users/2013/mmoumini/lol/lib/SFML/lib/sfml_src/sfml-build/CMakeFiles/CMakeTmp && /nfs/zfs-student-4/users/2013/mmoumini/lol/CMake.app/Contents/bin/cmake -E cmake_link_script CMakeFiles/cmTryCompileExec175975452.dir/link.txt --verbose=1
/Applications/Xcode.app/Contents/Developer/Toolchains/XcodeDefault.xctoolchain/usr/bin/cc    -Wl,-search_paths_first -Wl,-headerpad_max_install_names  -v -Wl,-v CMakeFiles/cmTryCompileExec175975452.dir/CMakeCCompilerABI.c.o  -o cmTryCompileExec175975452   
Apple LLVM version 6.1.0 (clang-602.0.49) (based on LLVM 3.6.0svn)
Target: x86_64-apple-darwin14.3.0
Thread model: posix
 "/Applications/Xcode.app/Contents/Developer/Toolchains/XcodeDefault.xctoolchain/usr/bin/ld" -demangle -dynamic -arch x86_64 -macosx_version_min 10.10.0 -o cmTryCompileExec175975452 -search_paths_first -headerpad_max_install_names -v CMakeFiles/cmTryCompileExec175975452.dir/CMakeCCompilerABI.c.o -lSystem /Applications/Xcode.app/Contents/Developer/Toolchains/XcodeDefault.xctoolchain/usr/bin/../lib/clang/6.1.0/lib/darwin/libclang_rt.osx.a
@(#)PROGRAM:ld  PROJECT:ld64-242
configured to support archs: armv6 armv7 armv7s arm64 i386 x86_64 x86_64h armv6m armv7m armv7em
Library search paths:
	/usr/lib
	/usr/local/lib
Framework search paths:
	/Library/Frameworks/
	/System/Library/Frameworks/


Parsed C implicit link information from above output:
  link line regex: [^( *|.*[/\])(ld|([^/\]+-)?ld|collect2)[^/\]*( |$)]
  ignore line: [Change Dir: /Volumes/Data/nfs/zfs-student-4/users/2013/mmoumini/lol/lib/SFML/lib/sfml_src/sfml-build/CMakeFiles/CMakeTmp]
  ignore line: []
  ignore line: [Run Build Command:"/usr/bin/make" "cmTryCompileExec175975452/fast"]
  ignore line: [/Applications/Xcode.app/Contents/Developer/usr/bin/make -f CMakeFiles/cmTryCompileExec175975452.dir/build.make CMakeFiles/cmTryCompileExec175975452.dir/build]
  ignore line: [/nfs/zfs-student-4/users/2013/mmoumini/lol/CMake.app/Contents/bin/cmake -E cmake_progress_report /nfs/zfs-student-4/users/2013/mmoumini/lol/lib/SFML/lib/sfml_src/sfml-build/CMakeFiles/CMakeTmp/CMakeFiles 1]
  ignore line: [Building C object CMakeFiles/cmTryCompileExec175975452.dir/CMakeCCompilerABI.c.o]
  ignore line: [cd /nfs/zfs-student-4/users/2013/mmoumini/lol/lib/SFML/lib/sfml_src/sfml-build/CMakeFiles/CMakeTmp && /Applications/Xcode.app/Contents/Developer/Toolchains/XcodeDefault.xctoolchain/usr/bin/cc    -o CMakeFiles/cmTryCompileExec175975452.dir/CMakeCCompilerABI.c.o   -c /nfs/zfs-student-4/users/2013/mmoumini/lol/CMake.app/Contents/share/cmake-3.2/Modules/CMakeCCompilerABI.c]
  ignore line: [Linking C executable cmTryCompileExec175975452]
  ignore line: [cd /nfs/zfs-student-4/users/2013/mmoumini/lol/lib/SFML/lib/sfml_src/sfml-build/CMakeFiles/CMakeTmp && /nfs/zfs-student-4/users/2013/mmoumini/lol/CMake.app/Contents/bin/cmake -E cmake_link_script CMakeFiles/cmTryCompileExec175975452.dir/link.txt --verbose=1]
  ignore line: [/Applications/Xcode.app/Contents/Developer/Toolchains/XcodeDefault.xctoolchain/usr/bin/cc    -Wl,-search_paths_first -Wl,-headerpad_max_install_names  -v -Wl,-v CMakeFiles/cmTryCompileExec175975452.dir/CMakeCCompilerABI.c.o  -o cmTryCompileExec175975452   ]
  ignore line: [Apple LLVM version 6.1.0 (clang-602.0.49) (based on LLVM 3.6.0svn)]
  ignore line: [Target: x86_64-apple-darwin14.3.0]
  ignore line: [Thread model: posix]
  link line: [ "/Applications/Xcode.app/Contents/Developer/Toolchains/XcodeDefault.xctoolchain/usr/bin/ld" -demangle -dynamic -arch x86_64 -macosx_version_min 10.10.0 -o cmTryCompileExec175975452 -search_paths_first -headerpad_max_install_names -v CMakeFiles/cmTryCompileExec175975452.dir/CMakeCCompilerABI.c.o -lSystem /Applications/Xcode.app/Contents/Developer/Toolchains/XcodeDefault.xctoolchain/usr/bin/../lib/clang/6.1.0/lib/darwin/libclang_rt.osx.a]
    arg [/Applications/Xcode.app/Contents/Developer/Toolchains/XcodeDefault.xctoolchain/usr/bin/ld] ==> ignore
    arg [-demangle] ==> ignore
    arg [-dynamic] ==> ignore
    arg [-arch] ==> ignore
    arg [x86_64] ==> ignore
    arg [-macosx_version_min] ==> ignore
    arg [10.10.0] ==> ignore
    arg [-o] ==> ignore
    arg [cmTryCompileExec175975452] ==> ignore
    arg [-search_paths_first] ==> ignore
    arg [-headerpad_max_install_names] ==> ignore
    arg [-v] ==> ignore
    arg [CMakeFiles/cmTryCompileExec175975452.dir/CMakeCCompilerABI.c.o] ==> ignore
    arg [-lSystem] ==> lib [System]
    arg [/Applications/Xcode.app/Contents/Developer/Toolchains/XcodeDefault.xctoolchain/usr/bin/../lib/clang/6.1.0/lib/darwin/libclang_rt.osx.a] ==> lib [/Applications/Xcode.app/Contents/Developer/Toolchains/XcodeDefault.xctoolchain/usr/bin/../lib/clang/6.1.0/lib/darwin/libclang_rt.osx.a]
  Library search paths: [;/usr/lib;/usr/local/lib]
  Framework search paths: [;/Library/Frameworks/;/System/Library/Frameworks/]
  remove lib [System]
  collapse lib [/Applications/Xcode.app/Contents/Developer/Toolchains/XcodeDefault.xctoolchain/usr/bin/../lib/clang/6.1.0/lib/darwin/libclang_rt.osx.a] ==> [/Applications/Xcode.app/Contents/Developer/Toolchains/XcodeDefault.xctoolchain/usr/lib/clang/6.1.0/lib/darwin/libclang_rt.osx.a]
  collapse library dir [/usr/lib] ==> [/usr/lib]
  collapse library dir [/usr/local/lib] ==> [/usr/local/lib]
  collapse framework dir [/Library/Frameworks/] ==> [/Library/Frameworks]
  collapse framework dir [/System/Library/Frameworks/] ==> [/System/Library/Frameworks]
  implicit libs: [/Applications/Xcode.app/Contents/Developer/Toolchains/XcodeDefault.xctoolchain/usr/lib/clang/6.1.0/lib/darwin/libclang_rt.osx.a]
  implicit dirs: [/usr/lib;/usr/local/lib]
  implicit fwks: [/Library/Frameworks;/System/Library/Frameworks]




Detecting C [-std=c11] compiler features compiled with the following output:
Change Dir: /Volumes/Data/nfs/zfs-student-4/users/2013/mmoumini/lol/lib/SFML/lib/sfml_src/sfml-build/CMakeFiles/CMakeTmp

Run Build Command:"/usr/bin/make" "cmTryCompileExec1823947577/fast"
/Applications/Xcode.app/Contents/Developer/usr/bin/make -f CMakeFiles/cmTryCompileExec1823947577.dir/build.make CMakeFiles/cmTryCompileExec1823947577.dir/build
/nfs/zfs-student-4/users/2013/mmoumini/lol/CMake.app/Contents/bin/cmake -E cmake_progress_report /nfs/zfs-student-4/users/2013/mmoumini/lol/lib/SFML/lib/sfml_src/sfml-build/CMakeFiles/CMakeTmp/CMakeFiles 1
Building C object CMakeFiles/cmTryCompileExec1823947577.dir/feature_tests.c.o
cd /nfs/zfs-student-4/users/2013/mmoumini/lol/lib/SFML/lib/sfml_src/sfml-build/CMakeFiles/CMakeTmp && /Applications/Xcode.app/Contents/Developer/Toolchains/XcodeDefault.xctoolchain/usr/bin/cc   -std=c11 -o CMakeFiles/cmTryCompileExec1823947577.dir/feature_tests.c.o   -c /nfs/zfs-student-4/users/2013/mmoumini/lol/lib/SFML/lib/sfml_src/sfml-build/CMakeFiles/feature_tests.c
Linking C executable cmTryCompileExec1823947577
cd /nfs/zfs-student-4/users/2013/mmoumini/lol/lib/SFML/lib/sfml_src/sfml-build/CMakeFiles/CMakeTmp && /nfs/zfs-student-4/users/2013/mmoumini/lol/CMake.app/Contents/bin/cmake -E cmake_link_script CMakeFiles/cmTryCompileExec1823947577.dir/link.txt --verbose=1
/Applications/Xcode.app/Contents/Developer/Toolchains/XcodeDefault.xctoolchain/usr/bin/cc    -Wl,-search_paths_first -Wl,-headerpad_max_install_names   CMakeFiles/cmTryCompileExec1823947577.dir/feature_tests.c.o  -o cmTryCompileExec1823947577  


    Feature record: C_FEATURE:1c_function_prototypes
    Feature record: C_FEATURE:1c_restrict
    Feature record: C_FEATURE:1c_static_assert
    Feature record: C_FEATURE:1c_variadic_macros


Detecting C [-std=c99] compiler features compiled with the following output:
Change Dir: /Volumes/Data/nfs/zfs-student-4/users/2013/mmoumini/lol/lib/SFML/lib/sfml_src/sfml-build/CMakeFiles/CMakeTmp

Run Build Command:"/usr/bin/make" "cmTryCompileExec3865009083/fast"
/Applications/Xcode.app/Contents/Developer/usr/bin/make -f CMakeFiles/cmTryCompileExec3865009083.dir/build.make CMakeFiles/cmTryCompileExec3865009083.dir/build
/nfs/zfs-student-4/users/2013/mmoumini/lol/CMake.app/Contents/bin/cmake -E cmake_progress_report /nfs/zfs-student-4/users/2013/mmoumini/lol/lib/SFML/lib/sfml_src/sfml-build/CMakeFiles/CMakeTmp/CMakeFiles 1
Building C object CMakeFiles/cmTryCompileExec3865009083.dir/feature_tests.c.o
cd /nfs/zfs-student-4/users/2013/mmoumini/lol/lib/SFML/lib/sfml_src/sfml-build/CMakeFiles/CMakeTmp && /Applications/Xcode.app/Contents/Developer/Toolchains/XcodeDefault.xctoolchain/usr/bin/cc   -std=c99 -o CMakeFiles/cmTryCompileExec3865009083.dir/feature_tests.c.o   -c /nfs/zfs-student-4/users/2013/mmoumini/lol/lib/SFML/lib/sfml_src/sfml-build/CMakeFiles/feature_tests.c
Linking C executable cmTryCompileExec3865009083
cd /nfs/zfs-student-4/users/2013/mmoumini/lol/lib/SFML/lib/sfml_src/sfml-build/CMakeFiles/CMakeTmp && /nfs/zfs-student-4/users/2013/mmoumini/lol/CMake.app/Contents/bin/cmake -E cmake_link_script CMakeFiles/cmTryCompileExec3865009083.dir/link.txt --verbose=1
/Applications/Xcode.app/Contents/Developer/Toolchains/XcodeDefault.xctoolchain/usr/bin/cc    -Wl,-search_paths_first -Wl,-headerpad_max_install_names   CMakeFiles/cmTryCompileExec3865009083.dir/feature_tests.c.o  -o cmTryCompileExec3865009083  


    Feature record: C_FEATURE:1c_function_prototypes
    Feature record: C_FEATURE:1c_restrict
    Feature record: C_FEATURE:0c_static_assert
    Feature record: C_FEATURE:1c_variadic_macros


Detecting C [-std=c90] compiler features compiled with the following output:
Change Dir: /Volumes/Data/nfs/zfs-student-4/users/2013/mmoumini/lol/lib/SFML/lib/sfml_src/sfml-build/CMakeFiles/CMakeTmp

Run Build Command:"/usr/bin/make" "cmTryCompileExec1001735099/fast"
/Applications/Xcode.app/Contents/Developer/usr/bin/make -f CMakeFiles/cmTryCompileExec1001735099.dir/build.make CMakeFiles/cmTryCompileExec1001735099.dir/build
/nfs/zfs-student-4/users/2013/mmoumini/lol/CMake.app/Contents/bin/cmake -E cmake_progress_report /nfs/zfs-student-4/users/2013/mmoumini/lol/lib/SFML/lib/sfml_src/sfml-build/CMakeFiles/CMakeTmp/CMakeFiles 1
Building C object CMakeFiles/cmTryCompileExec1001735099.dir/feature_tests.c.o
cd /nfs/zfs-student-4/users/2013/mmoumini/lol/lib/SFML/lib/sfml_src/sfml-build/CMakeFiles/CMakeTmp && /Applications/Xcode.app/Contents/Developer/Toolchains/XcodeDefault.xctoolchain/usr/bin/cc   -std=c90 -o CMakeFiles/cmTryCompileExec1001735099.dir/feature_tests.c.o   -c /nfs/zfs-student-4/users/2013/mmoumini/lol/lib/SFML/lib/sfml_src/sfml-build/CMakeFiles/feature_tests.c
Linking C executable cmTryCompileExec1001735099
cd /nfs/zfs-student-4/users/2013/mmoumini/lol/lib/SFML/lib/sfml_src/sfml-build/CMakeFiles/CMakeTmp && /nfs/zfs-student-4/users/2013/mmoumini/lol/CMake.app/Contents/bin/cmake -E cmake_link_script CMakeFiles/cmTryCompileExec1001735099.dir/link.txt --verbose=1
/Applications/Xcode.app/Contents/Developer/Toolchains/XcodeDefault.xctoolchain/usr/bin/cc    -Wl,-search_paths_first -Wl,-headerpad_max_install_names   CMakeFiles/cmTryCompileExec1001735099.dir/feature_tests.c.o  -o cmTryCompileExec1001735099  


    Feature record: C_FEATURE:1c_function_prototypes
    Feature record: C_FEATURE:0c_restrict
    Feature record: C_FEATURE:0c_static_assert
    Feature record: C_FEATURE:0c_variadic_macros
Determining if the CXX compiler works passed with the following output:
Change Dir: /Volumes/Data/nfs/zfs-student-4/users/2013/mmoumini/lol/lib/SFML/lib/sfml_src/sfml-build/CMakeFiles/CMakeTmp

Run Build Command:"/usr/bin/make" "cmTryCompileExec3735751179/fast"
/Applications/Xcode.app/Contents/Developer/usr/bin/make -f CMakeFiles/cmTryCompileExec3735751179.dir/build.make CMakeFiles/cmTryCompileExec3735751179.dir/build
/nfs/zfs-student-4/users/2013/mmoumini/lol/CMake.app/Contents/bin/cmake -E cmake_progress_report /nfs/zfs-student-4/users/2013/mmoumini/lol/lib/SFML/lib/sfml_src/sfml-build/CMakeFiles/CMakeTmp/CMakeFiles 1
Building CXX object CMakeFiles/cmTryCompileExec3735751179.dir/testCXXCompiler.cxx.o
cd /nfs/zfs-student-4/users/2013/mmoumini/lol/lib/SFML/lib/sfml_src/sfml-build/CMakeFiles/CMakeTmp && /Applications/Xcode.app/Contents/Developer/Toolchains/XcodeDefault.xctoolchain/usr/bin/c++     -o CMakeFiles/cmTryCompileExec3735751179.dir/testCXXCompiler.cxx.o -c /nfs/zfs-student-4/users/2013/mmoumini/lol/lib/SFML/lib/sfml_src/sfml-build/CMakeFiles/CMakeTmp/testCXXCompiler.cxx
Linking CXX executable cmTryCompileExec3735751179
cd /nfs/zfs-student-4/users/2013/mmoumini/lol/lib/SFML/lib/sfml_src/sfml-build/CMakeFiles/CMakeTmp && /nfs/zfs-student-4/users/2013/mmoumini/lol/CMake.app/Contents/bin/cmake -E cmake_link_script CMakeFiles/cmTryCompileExec3735751179.dir/link.txt --verbose=1
/Applications/Xcode.app/Contents/Developer/Toolchains/XcodeDefault.xctoolchain/usr/bin/c++     -Wl,-search_paths_first -Wl,-headerpad_max_install_names   CMakeFiles/cmTryCompileExec3735751179.dir/testCXXCompiler.cxx.o  -o cmTryCompileExec3735751179  


Detecting CXX compiler ABI info compiled with the following output:
Change Dir: /Volumes/Data/nfs/zfs-student-4/users/2013/mmoumini/lol/lib/SFML/lib/sfml_src/sfml-build/CMakeFiles/CMakeTmp

Run Build Command:"/usr/bin/make" "cmTryCompileExec1055335491/fast"
/Applications/Xcode.app/Contents/Developer/usr/bin/make -f CMakeFiles/cmTryCompileExec1055335491.dir/build.make CMakeFiles/cmTryCompileExec1055335491.dir/build
/nfs/zfs-student-4/users/2013/mmoumini/lol/CMake.app/Contents/bin/cmake -E cmake_progress_report /nfs/zfs-student-4/users/2013/mmoumini/lol/lib/SFML/lib/sfml_src/sfml-build/CMakeFiles/CMakeTmp/CMakeFiles 1
Building CXX object CMakeFiles/cmTryCompileExec1055335491.dir/CMakeCXXCompilerABI.cpp.o
cd /nfs/zfs-student-4/users/2013/mmoumini/lol/lib/SFML/lib/sfml_src/sfml-build/CMakeFiles/CMakeTmp && /Applications/Xcode.app/Contents/Developer/Toolchains/XcodeDefault.xctoolchain/usr/bin/c++     -o CMakeFiles/cmTryCompileExec1055335491.dir/CMakeCXXCompilerABI.cpp.o -c /nfs/zfs-student-4/users/2013/mmoumini/lol/CMake.app/Contents/share/cmake-3.2/Modules/CMakeCXXCompilerABI.cpp
Linking CXX executable cmTryCompileExec1055335491
cd /nfs/zfs-student-4/users/2013/mmoumini/lol/lib/SFML/lib/sfml_src/sfml-build/CMakeFiles/CMakeTmp && /nfs/zfs-student-4/users/2013/mmoumini/lol/CMake.app/Contents/bin/cmake -E cmake_link_script CMakeFiles/cmTryCompileExec1055335491.dir/link.txt --verbose=1
/Applications/Xcode.app/Contents/Developer/Toolchains/XcodeDefault.xctoolchain/usr/bin/c++     -Wl,-search_paths_first -Wl,-headerpad_max_install_names  -v -Wl,-v CMakeFiles/cmTryCompileExec1055335491.dir/CMakeCXXCompilerABI.cpp.o  -o cmTryCompileExec1055335491   
Apple LLVM version 6.1.0 (clang-602.0.49) (based on LLVM 3.6.0svn)
Target: x86_64-apple-darwin14.3.0
Thread model: posix
 "/Applications/Xcode.app/Contents/Developer/Toolchains/XcodeDefault.xctoolchain/usr/bin/ld" -demangle -dynamic -arch x86_64 -macosx_version_min 10.10.0 -o cmTryCompileExec1055335491 -search_paths_first -headerpad_max_install_names -v CMakeFiles/cmTryCompileExec1055335491.dir/CMakeCXXCompilerABI.cpp.o -lc++ -lSystem /Applications/Xcode.app/Contents/Developer/Toolchains/XcodeDefault.xctoolchain/usr/bin/../lib/clang/6.1.0/lib/darwin/libclang_rt.osx.a
@(#)PROGRAM:ld  PROJECT:ld64-242
configured to support archs: armv6 armv7 armv7s arm64 i386 x86_64 x86_64h armv6m armv7m armv7em
Library search paths:
	/usr/lib
	/usr/local/lib
Framework search paths:
	/Library/Frameworks/
	/System/Library/Frameworks/


Parsed CXX implicit link information from above output:
  link line regex: [^( *|.*[/\])(ld|([^/\]+-)?ld|collect2)[^/\]*( |$)]
  ignore line: [Change Dir: /Volumes/Data/nfs/zfs-student-4/users/2013/mmoumini/lol/lib/SFML/lib/sfml_src/sfml-build/CMakeFiles/CMakeTmp]
  ignore line: []
  ignore line: [Run Build Command:"/usr/bin/make" "cmTryCompileExec1055335491/fast"]
  ignore line: [/Applications/Xcode.app/Contents/Developer/usr/bin/make -f CMakeFiles/cmTryCompileExec1055335491.dir/build.make CMakeFiles/cmTryCompileExec1055335491.dir/build]
  ignore line: [/nfs/zfs-student-4/users/2013/mmoumini/lol/CMake.app/Contents/bin/cmake -E cmake_progress_report /nfs/zfs-student-4/users/2013/mmoumini/lol/lib/SFML/lib/sfml_src/sfml-build/CMakeFiles/CMakeTmp/CMakeFiles 1]
  ignore line: [Building CXX object CMakeFiles/cmTryCompileExec1055335491.dir/CMakeCXXCompilerABI.cpp.o]
  ignore line: [cd /nfs/zfs-student-4/users/2013/mmoumini/lol/lib/SFML/lib/sfml_src/sfml-build/CMakeFiles/CMakeTmp && /Applications/Xcode.app/Contents/Developer/Toolchains/XcodeDefault.xctoolchain/usr/bin/c++     -o CMakeFiles/cmTryCompileExec1055335491.dir/CMakeCXXCompilerABI.cpp.o -c /nfs/zfs-student-4/users/2013/mmoumini/lol/CMake.app/Contents/share/cmake-3.2/Modules/CMakeCXXCompilerABI.cpp]
  ignore line: [Linking CXX executable cmTryCompileExec1055335491]
  ignore line: [cd /nfs/zfs-student-4/users/2013/mmoumini/lol/lib/SFML/lib/sfml_src/sfml-build/CMakeFiles/CMakeTmp && /nfs/zfs-student-4/users/2013/mmoumini/lol/CMake.app/Contents/bin/cmake -E cmake_link_script CMakeFiles/cmTryCompileExec1055335491.dir/link.txt --verbose=1]
  ignore line: [/Applications/Xcode.app/Contents/Developer/Toolchains/XcodeDefault.xctoolchain/usr/bin/c++     -Wl,-search_paths_first -Wl,-headerpad_max_install_names  -v -Wl,-v CMakeFiles/cmTryCompileExec1055335491.dir/CMakeCXXCompilerABI.cpp.o  -o cmTryCompileExec1055335491   ]
  ignore line: [Apple LLVM version 6.1.0 (clang-602.0.49) (based on LLVM 3.6.0svn)]
  ignore line: [Target: x86_64-apple-darwin14.3.0]
  ignore line: [Thread model: posix]
  link line: [ "/Applications/Xcode.app/Contents/Developer/Toolchains/XcodeDefault.xctoolchain/usr/bin/ld" -demangle -dynamic -arch x86_64 -macosx_version_min 10.10.0 -o cmTryCompileExec1055335491 -search_paths_first -headerpad_max_install_names -v CMakeFiles/cmTryCompileExec1055335491.dir/CMakeCXXCompilerABI.cpp.o -lc++ -lSystem /Applications/Xcode.app/Contents/Developer/Toolchains/XcodeDefault.xctoolchain/usr/bin/../lib/clang/6.1.0/lib/darwin/libclang_rt.osx.a]
    arg [/Applications/Xcode.app/Contents/Developer/Toolchains/XcodeDefault.xctoolchain/usr/bin/ld] ==> ignore
    arg [-demangle] ==> ignore
    arg [-dynamic] ==> ignore
    arg [-arch] ==> ignore
    arg [x86_64] ==> ignore
    arg [-macosx_version_min] ==> ignore
    arg [10.10.0] ==> ignore
    arg [-o] ==> ignore
    arg [cmTryCompileExec1055335491] ==> ignore
    arg [-search_paths_first] ==> ignore
    arg [-headerpad_max_install_names] ==> ignore
    arg [-v] ==> ignore
    arg [CMakeFiles/cmTryCompileExec1055335491.dir/CMakeCXXCompilerABI.cpp.o] ==> ignore
    arg [-lc++] ==> lib [c++]
    arg [-lSystem] ==> lib [System]
    arg [/Applications/Xcode.app/Contents/Developer/Toolchains/XcodeDefault.xctoolchain/usr/bin/../lib/clang/6.1.0/lib/darwin/libclang_rt.osx.a] ==> lib [/Applications/Xcode.app/Contents/Developer/Toolchains/XcodeDefault.xctoolchain/usr/bin/../lib/clang/6.1.0/lib/darwin/libclang_rt.osx.a]
  Library search paths: [;/usr/lib;/usr/local/lib]
  Framework search paths: [;/Library/Frameworks/;/System/Library/Frameworks/]
  remove lib [System]
  collapse lib [/Applications/Xcode.app/Contents/Developer/Toolchains/XcodeDefault.xctoolchain/usr/bin/../lib/clang/6.1.0/lib/darwin/libclang_rt.osx.a] ==> [/Applications/Xcode.app/Contents/Developer/Toolchains/XcodeDefault.xctoolchain/usr/lib/clang/6.1.0/lib/darwin/libclang_rt.osx.a]
  collapse library dir [/usr/lib] ==> [/usr/lib]
  collapse library dir [/usr/local/lib] ==> [/usr/local/lib]
  collapse framework dir [/Library/Frameworks/] ==> [/Library/Frameworks]
  collapse framework dir [/System/Library/Frameworks/] ==> [/System/Library/Frameworks]
  implicit libs: [c++;/Applications/Xcode.app/Contents/Developer/Toolchains/XcodeDefault.xctoolchain/usr/lib/clang/6.1.0/lib/darwin/libclang_rt.osx.a]
  implicit dirs: [/usr/lib;/usr/local/lib]
  implicit fwks: [/Library/Frameworks;/System/Library/Frameworks]




Detecting CXX [-std=c++1y] compiler features compiled with the following output:
Change Dir: /Volumes/Data/nfs/zfs-student-4/users/2013/mmoumini/lol/lib/SFML/lib/sfml_src/sfml-build/CMakeFiles/CMakeTmp

Run Build Command:"/usr/bin/make" "cmTryCompileExec33894353/fast"
/Applications/Xcode.app/Contents/Developer/usr/bin/make -f CMakeFiles/cmTryCompileExec33894353.dir/build.make CMakeFiles/cmTryCompileExec33894353.dir/build
/nfs/zfs-student-4/users/2013/mmoumini/lol/CMake.app/Contents/bin/cmake -E cmake_progress_report /nfs/zfs-student-4/users/2013/mmoumini/lol/lib/SFML/lib/sfml_src/sfml-build/CMakeFiles/CMakeTmp/CMakeFiles 1
Building CXX object CMakeFiles/cmTryCompileExec33894353.dir/feature_tests.cxx.o
cd /nfs/zfs-student-4/users/2013/mmoumini/lol/lib/SFML/lib/sfml_src/sfml-build/CMakeFiles/CMakeTmp && /Applications/Xcode.app/Contents/Developer/Toolchains/XcodeDefault.xctoolchain/usr/bin/c++    -std=c++1y -o CMakeFiles/cmTryCompileExec33894353.dir/feature_tests.cxx.o -c /nfs/zfs-student-4/users/2013/mmoumini/lol/lib/SFML/lib/sfml_src/sfml-build/CMakeFiles/feature_tests.cxx
Linking CXX executable cmTryCompileExec33894353
cd /nfs/zfs-student-4/users/2013/mmoumini/lol/lib/SFML/lib/sfml_src/sfml-build/CMakeFiles/CMakeTmp && /nfs/zfs-student-4/users/2013/mmoumini/lol/CMake.app/Contents/bin/cmake -E cmake_link_script CMakeFiles/cmTryCompileExec33894353.dir/link.txt --verbose=1
/Applications/Xcode.app/Contents/Developer/Toolchains/XcodeDefault.xctoolchain/usr/bin/c++     -Wl,-search_paths_first -Wl,-headerpad_max_install_names   CMakeFiles/cmTryCompileExec33894353.dir/feature_tests.cxx.o  -o cmTryCompileExec33894353  


    Feature record: CXX_FEATURE:1cxx_aggregate_default_initializers
    Feature record: CXX_FEATURE:1cxx_alias_templates
    Feature record: CXX_FEATURE:1cxx_alignas
    Feature record: CXX_FEATURE:1cxx_alignof
    Feature record: CXX_FEATURE:1cxx_attributes
    Feature record: CXX_FEATURE:1cxx_attribute_deprecated
    Feature record: CXX_FEATURE:1cxx_auto_type
    Feature record: CXX_FEATURE:1cxx_binary_literals
    Feature record: CXX_FEATURE:1cxx_constexpr
    Feature record: CXX_FEATURE:1cxx_contextual_conversions
    Feature record: CXX_FEATURE:1cxx_decltype
    Feature record: CXX_FEATURE:1cxx_decltype_auto
    Feature record: CXX_FEATURE:1cxx_decltype_incomplete_return_types
    Feature record: CXX_FEATURE:1cxx_default_function_template_args
    Feature record: CXX_FEATURE:1cxx_defaulted_functions
    Feature record: CXX_FEATURE:1cxx_defaulted_move_initializers
    Feature record: CXX_FEATURE:1cxx_delegating_constructors
    Feature record: CXX_FEATURE:1cxx_deleted_functions
    Feature record: CXX_FEATURE:1cxx_digit_separators
    Feature record: CXX_FEATURE:1cxx_enum_forward_declarations
    Feature record: CXX_FEATURE:1cxx_explicit_conversions
    Feature record: CXX_FEATURE:1cxx_extended_friend_declarations
    Feature record: CXX_FEATURE:1cxx_extern_templates
    Feature record: CXX_FEATURE:1cxx_final
    Feature record: CXX_FEATURE:1cxx_func_identifier
    Feature record: CXX_FEATURE:1cxx_generalized_initializers
    Feature record: CXX_FEATURE:1cxx_generic_lambdas
    Feature record: CXX_FEATURE:1cxx_inheriting_constructors
    Feature record: CXX_FEATURE:1cxx_inline_namespaces
    Feature record: CXX_FEATURE:1cxx_lambdas
    Feature record: CXX_FEATURE:1cxx_lambda_init_captures
    Feature record: CXX_FEATURE:1cxx_local_type_template_args
    Feature record: CXX_FEATURE:1cxx_long_long_type
    Feature record: CXX_FEATURE:1cxx_noexcept
    Feature record: CXX_FEATURE:1cxx_nonstatic_member_init
    Feature record: CXX_FEATURE:1cxx_nullptr
    Feature record: CXX_FEATURE:1cxx_override
    Feature record: CXX_FEATURE:1cxx_range_for
    Feature record: CXX_FEATURE:1cxx_raw_string_literals
    Feature record: CXX_FEATURE:1cxx_reference_qualified_functions
    Feature record: CXX_FEATURE:1cxx_relaxed_constexpr
    Feature record: CXX_FEATURE:1cxx_return_type_deduction
    Feature record: CXX_FEATURE:1cxx_right_angle_brackets
    Feature record: CXX_FEATURE:1cxx_rvalue_references
    Feature record: CXX_FEATURE:1cxx_sizeof_member
    Feature record: CXX_FEATURE:1cxx_static_assert
    Feature record: CXX_FEATURE:1cxx_strong_enums
    Feature record: CXX_FEATURE:1cxx_template_template_parameters
    Feature record: CXX_FEATURE:0cxx_thread_local
    Feature record: CXX_FEATURE:1cxx_trailing_return_types
    Feature record: CXX_FEATURE:1cxx_unicode_literals
    Feature record: CXX_FEATURE:1cxx_uniform_initialization
    Feature record: CXX_FEATURE:1cxx_unrestricted_unions
    Feature record: CXX_FEATURE:1cxx_user_literals
    Feature record: CXX_FEATURE:1cxx_variable_templates
    Feature record: CXX_FEATURE:1cxx_variadic_macros
    Feature record: CXX_FEATURE:1cxx_variadic_templates


Detecting CXX [-std=c++11] compiler features compiled with the following output:
Change Dir: /Volumes/Data/nfs/zfs-student-4/users/2013/mmoumini/lol/lib/SFML/lib/sfml_src/sfml-build/CMakeFiles/CMakeTmp

Run Build Command:"/usr/bin/make" "cmTryCompileExec930579702/fast"
/Applications/Xcode.app/Contents/Developer/usr/bin/make -f CMakeFiles/cmTryCompileExec930579702.dir/build.make CMakeFiles/cmTryCompileExec930579702.dir/build
/nfs/zfs-student-4/users/2013/mmoumini/lol/CMake.app/Contents/bin/cmake -E cmake_progress_report /nfs/zfs-student-4/users/2013/mmoumini/lol/lib/SFML/lib/sfml_src/sfml-build/CMakeFiles/CMakeTmp/CMakeFiles 1
Building CXX object CMakeFiles/cmTryCompileExec930579702.dir/feature_tests.cxx.o
cd /nfs/zfs-student-4/users/2013/mmoumini/lol/lib/SFML/lib/sfml_src/sfml-build/CMakeFiles/CMakeTmp && /Applications/Xcode.app/Contents/Developer/Toolchains/XcodeDefault.xctoolchain/usr/bin/c++    -std=c++11 -o CMakeFiles/cmTryCompileExec930579702.dir/feature_tests.cxx.o -c /nfs/zfs-student-4/users/2013/mmoumini/lol/lib/SFML/lib/sfml_src/sfml-build/CMakeFiles/feature_tests.cxx
Linking CXX executable cmTryCompileExec930579702
cd /nfs/zfs-student-4/users/2013/mmoumini/lol/lib/SFML/lib/sfml_src/sfml-build/CMakeFiles/CMakeTmp && /nfs/zfs-student-4/users/2013/mmoumini/lol/CMake.app/Contents/bin/cmake -E cmake_link_script CMakeFiles/cmTryCompileExec930579702.dir/link.txt --verbose=1
/Applications/Xcode.app/Contents/Developer/Toolchains/XcodeDefault.xctoolchain/usr/bin/c++     -Wl,-search_paths_first -Wl,-headerpad_max_install_names   CMakeFiles/cmTryCompileExec930579702.dir/feature_tests.cxx.o  -o cmTryCompileExec930579702  


    Feature record: CXX_FEATURE:0cxx_aggregate_default_initializers
    Feature record: CXX_FEATURE:1cxx_alias_templates
    Feature record: CXX_FEATURE:1cxx_alignas
    Feature record: CXX_FEATURE:1cxx_alignof
    Feature record: CXX_FEATURE:1cxx_attributes
    Feature record: CXX_FEATURE:0cxx_attribute_deprecated
    Feature record: CXX_FEATURE:1cxx_auto_type
    Feature record: CXX_FEATURE:0cxx_binary_literals
    Feature record: CXX_FEATURE:1cxx_constexpr
    Feature record: CXX_FEATURE:0cxx_contextual_conversions
    Feature record: CXX_FEATURE:1cxx_decltype
    Feature record: CXX_FEATURE:0cxx_decltype_auto
    Feature record: CXX_FEATURE:1cxx_decltype_incomplete_return_types
    Feature record: CXX_FEATURE:1cxx_default_function_template_args
    Feature record: CXX_FEATURE:1cxx_defaulted_functions
    Feature record: CXX_FEATURE:1cxx_defaulted_move_initializers
    Feature record: CXX_FEATURE:1cxx_delegating_constructors
    Feature record: CXX_FEATURE:1cxx_deleted_functions
    Feature record: CXX_FEATURE:0cxx_digit_separators
    Feature record: CXX_FEATURE:1cxx_enum_forward_declarations
    Feature record: CXX_FEATURE:1cxx_explicit_conversions
    Feature record: CXX_FEATURE:1cxx_extended_friend_declarations
    Feature record: CXX_FEATURE:1cxx_extern_templates
    Feature record: CXX_FEATURE:1cxx_final
    Feature record: CXX_FEATURE:1cxx_func_identifier
    Feature record: CXX_FEATURE:1cxx_generalized_initializers
    Feature record: CXX_FEATURE:0cxx_generic_lambdas
    Feature record: CXX_FEATURE:1cxx_inheriting_constructors
    Feature record: CXX_FEATURE:1cxx_inline_namespaces
    Feature record: CXX_FEATURE:1cxx_lambdas
    Feature record: CXX_FEATURE:0cxx_lambda_init_captures
    Feature record: CXX_FEATURE:1cxx_local_type_template_args
    Feature record: CXX_FEATURE:1cxx_long_long_type
    Feature record: CXX_FEATURE:1cxx_noexcept
    Feature record: CXX_FEATURE:1cxx_nonstatic_member_init
    Feature record: CXX_FEATURE:1cxx_nullptr
    Feature record: CXX_FEATURE:1cxx_override
    Feature record: CXX_FEATURE:1cxx_range_for
    Feature record: CXX_FEATURE:1cxx_raw_string_literals
    Feature record: CXX_FEATURE:1cxx_reference_qualified_functions
    Feature record: CXX_FEATURE:0cxx_relaxed_constexpr
    Feature record: CXX_FEATURE:0cxx_return_type_deduction
    Feature record: CXX_FEATURE:1cxx_right_angle_brackets
    Feature record: CXX_FEATURE:1cxx_rvalue_references
    Feature record: CXX_FEATURE:1cxx_sizeof_member
    Feature record: CXX_FEATURE:1cxx_static_assert
    Feature record: CXX_FEATURE:1cxx_strong_enums
    Feature record: CXX_FEATURE:1cxx_template_template_parameters
    Feature record: CXX_FEATURE:0cxx_thread_local
    Feature record: CXX_FEATURE:1cxx_trailing_return_types
    Feature record: CXX_FEATURE:1cxx_unicode_literals
    Feature record: CXX_FEATURE:1cxx_uniform_initialization
    Feature record: CXX_FEATURE:1cxx_unrestricted_unions
    Feature record: CXX_FEATURE:1cxx_user_literals
    Feature record: CXX_FEATURE:0cxx_variable_templates
    Feature record: CXX_FEATURE:1cxx_variadic_macros
    Feature record: CXX_FEATURE:1cxx_variadic_templates


Detecting CXX [-std=c++98] compiler features compiled with the following output:
Change Dir: /Volumes/Data/nfs/zfs-student-4/users/2013/mmoumini/lol/lib/SFML/lib/sfml_src/sfml-build/CMakeFiles/CMakeTmp

Run Build Command:"/usr/bin/make" "cmTryCompileExec3622806330/fast"
/Applications/Xcode.app/Contents/Developer/usr/bin/make -f CMakeFiles/cmTryCompileExec3622806330.dir/build.make CMakeFiles/cmTryCompileExec3622806330.dir/build
/nfs/zfs-student-4/users/2013/mmoumini/lol/CMake.app/Contents/bin/cmake -E cmake_progress_report /nfs/zfs-student-4/users/2013/mmoumini/lol/lib/SFML/lib/sfml_src/sfml-build/CMakeFiles/CMakeTmp/CMakeFiles 1
Building CXX object CMakeFiles/cmTryCompileExec3622806330.dir/feature_tests.cxx.o
cd /nfs/zfs-student-4/users/2013/mmoumini/lol/lib/SFML/lib/sfml_src/sfml-build/CMakeFiles/CMakeTmp && /Applications/Xcode.app/Contents/Developer/Toolchains/XcodeDefault.xctoolchain/usr/bin/c++    -std=c++98 -o CMakeFiles/cmTryCompileExec3622806330.dir/feature_tests.cxx.o -c /nfs/zfs-student-4/users/2013/mmoumini/lol/lib/SFML/lib/sfml_src/sfml-build/CMakeFiles/feature_tests.cxx
Linking CXX executable cmTryCompileExec3622806330
cd /nfs/zfs-student-4/users/2013/mmoumini/lol/lib/SFML/lib/sfml_src/sfml-build/CMakeFiles/CMakeTmp && /nfs/zfs-student-4/users/2013/mmoumini/lol/CMake.app/Contents/bin/cmake -E cmake_link_script CMakeFiles/cmTryCompileExec3622806330.dir/link.txt --verbose=1
/Applications/Xcode.app/Contents/Developer/Toolchains/XcodeDefault.xctoolchain/usr/bin/c++     -Wl,-search_paths_first -Wl,-headerpad_max_install_names   CMakeFiles/cmTryCompileExec3622806330.dir/feature_tests.cxx.o  -o cmTryCompileExec3622806330  


    Feature record: CXX_FEATURE:0cxx_aggregate_default_initializers
    Feature record: CXX_FEATURE:0cxx_alias_templates
    Feature record: CXX_FEATURE:0cxx_alignas
    Feature record: CXX_FEATURE:0cxx_alignof
    Feature record: CXX_FEATURE:0cxx_attributes
    Feature record: CXX_FEATURE:0cxx_attribute_deprecated
    Feature record: CXX_FEATURE:0cxx_auto_type
    Feature record: CXX_FEATURE:0cxx_binary_literals
    Feature record: CXX_FEATURE:0cxx_constexpr
    Feature record: CXX_FEATURE:0cxx_contextual_conversions
    Feature record: CXX_FEATURE:0cxx_decltype
    Feature record: CXX_FEATURE:0cxx_decltype_auto
    Feature record: CXX_FEATURE:0cxx_decltype_incomplete_return_types
    Feature record: CXX_FEATURE:0cxx_default_function_template_args
    Feature record: CXX_FEATURE:0cxx_defaulted_functions
    Feature record: CXX_FEATURE:0cxx_defaulted_move_initializers
    Feature record: CXX_FEATURE:0cxx_delegating_constructors
    Feature record: CXX_FEATURE:0cxx_deleted_functions
    Feature record: CXX_FEATURE:0cxx_digit_separators
    Feature record: CXX_FEATURE:0cxx_enum_forward_declarations
    Feature record: CXX_FEATURE:0cxx_explicit_conversions
    Feature record: CXX_FEATURE:0cxx_extended_friend_declarations
    Feature record: CXX_FEATURE:0cxx_extern_templates
    Feature record: CXX_FEATURE:0cxx_final
    Feature record: CXX_FEATURE:0cxx_func_identifier
    Feature record: CXX_FEATURE:0cxx_generalized_initializers
    Feature record: CXX_FEATURE:0cxx_generic_lambdas
    Feature record: CXX_FEATURE:0cxx_inheriting_constructors
    Feature record: CXX_FEATURE:0cxx_inline_namespaces
    Feature record: CXX_FEATURE:0cxx_lambdas
    Feature record: CXX_FEATURE:0cxx_lambda_init_captures
    Feature record: CXX_FEATURE:0cxx_local_type_template_args
    Feature record: CXX_FEATURE:0cxx_long_long_type
    Feature record: CXX_FEATURE:0cxx_noexcept
    Feature record: CXX_FEATURE:0cxx_nonstatic_member_init
    Feature record: CXX_FEATURE:0cxx_nullptr
    Feature record: CXX_FEATURE:0cxx_override
    Feature record: CXX_FEATURE:0cxx_range_for
    Feature record: CXX_FEATURE:0cxx_raw_string_literals
    Feature record: CXX_FEATURE:0cxx_reference_qualified_functions
    Feature record: CXX_FEATURE:0cxx_relaxed_constexpr
    Feature record: CXX_FEATURE:0cxx_return_type_deduction
    Feature record: CXX_FEATURE:0cxx_right_angle_brackets
    Feature record: CXX_FEATURE:0cxx_rvalue_references
    Feature record: CXX_FEATURE:0cxx_sizeof_member
    Feature record: CXX_FEATURE:0cxx_static_assert
    Feature record: CXX_FEATURE:0cxx_strong_enums
    Feature record: CXX_FEATURE:1cxx_template_template_parameters
    Feature record: CXX_FEATURE:0cxx_thread_local
    Feature record: CXX_FEATURE:0cxx_trailing_return_types
    Feature record: CXX_FEATURE:0cxx_unicode_literals
    Feature record: CXX_FEATURE:0cxx_uniform_initialization
    Feature record: CXX_FEATURE:0cxx_unrestricted_unions
    Feature record: CXX_FEATURE:0cxx_user_literals
    Feature record: CXX_FEATURE:0cxx_variable_templates
    Feature record: CXX_FEATURE:0cxx_variadic_macros
    Feature record: CXX_FEATURE:0cxx_variadic_templates
